2025-02-06 09:21:14.767 [info] [main] Log level: Info
2025-02-06 09:21:14.767 [info] [main] Validating found git in: "git"
2025-02-06 09:21:14.767 [info] [main] Using git "2.43.0" from "git"
2025-02-06 09:21:14.767 [info] [Model][doInitialScan] Initial repository scan started
2025-02-06 09:21:14.767 [info] > git rev-parse --show-toplevel [3ms]
2025-02-06 09:21:14.767 [info] fatal: not a git repository (or any parent up to mount point /)
Stopping at filesystem boundary (GIT_DISCOVERY_ACROSS_FILESYSTEM not set).
2025-02-06 09:21:14.767 [info] > git rev-parse --show-toplevel [3ms]
2025-02-06 09:21:14.767 [info] fatal: not a git repository (or any parent up to mount point /)
Stopping at filesystem boundary (GIT_DISCOVERY_ACROSS_FILESYSTEM not set).
2025-02-06 09:21:14.767 [info] > git rev-parse --show-toplevel [2ms]
2025-02-06 09:21:14.767 [info] fatal: not a git repository (or any parent up to mount point /)
Stopping at filesystem boundary (GIT_DISCOVERY_ACROSS_FILESYSTEM not set).
2025-02-06 09:21:14.768 [info] > git rev-parse --show-toplevel [3ms]
2025-02-06 09:21:14.768 [info] fatal: not a git repository (or any parent up to mount point /)
Stopping at filesystem boundary (GIT_DISCOVERY_ACROSS_FILESYSTEM not set).
2025-02-06 09:21:14.772 [info] [Model][doInitialScan] Initial repository scan completed - repositories (0), closed repositories (0), parent repositories (0), unsafe repositories (0)
2025-02-06 09:21:57.255 [info] > git rev-parse --show-toplevel [20ms]
2025-02-06 09:21:57.255 [info] fatal: not a git repository (or any parent up to mount point /)
Stopping at filesystem boundary (GIT_DISCOVERY_ACROSS_FILESYSTEM not set).
2025-02-06 09:22:02.086 [info] > git rev-parse --show-toplevel [2ms]
2025-02-06 09:22:02.086 [info] fatal: not a git repository (or any parent up to mount point /)
Stopping at filesystem boundary (GIT_DISCOVERY_ACROSS_FILESYSTEM not set).
2025-02-06 09:22:12.771 [info] > git rev-parse --show-toplevel [4ms]
2025-02-06 09:22:12.771 [info] fatal: not a git repository (or any parent up to mount point /)
Stopping at filesystem boundary (GIT_DISCOVERY_ACROSS_FILESYSTEM not set).
2025-02-06 09:22:13.840 [info] > git rev-parse --show-toplevel [2ms]
2025-02-06 09:22:13.840 [info] fatal: not a git repository (or any parent up to mount point /)
Stopping at filesystem boundary (GIT_DISCOVERY_ACROSS_FILESYSTEM not set).
2025-02-06 09:22:14.626 [info] > git rev-parse --show-toplevel [3ms]
2025-02-06 09:22:14.626 [info] fatal: not a git repository (or any parent up to mount point /)
Stopping at filesystem boundary (GIT_DISCOVERY_ACROSS_FILESYSTEM not set).
2025-02-06 09:22:15.380 [info] > git rev-parse --show-toplevel [3ms]
2025-02-06 09:22:15.380 [info] fatal: not a git repository (or any parent up to mount point /)
Stopping at filesystem boundary (GIT_DISCOVERY_ACROSS_FILESYSTEM not set).
