2025-02-06 09:28:07.538 [info] [main] Log level: Info
2025-02-06 09:28:07.538 [info] [main] Validating found git in: "git"
2025-02-06 09:28:07.538 [info] [main] Using git "2.43.0" from "git"
2025-02-06 09:28:07.538 [info] [Model][doInitialScan] Initial repository scan started
2025-02-06 09:28:07.538 [info] > git rev-parse --show-toplevel [3ms]
2025-02-06 09:28:07.538 [info] fatal: not a git repository (or any parent up to mount point /)
Stopping at filesystem boundary (GIT_DISCOVERY_ACROSS_FILESYSTEM not set).
2025-02-06 09:28:07.538 [info] > git rev-parse --show-toplevel [7ms]
2025-02-06 09:28:07.538 [info] fatal: not a git repository (or any parent up to mount point /)
Stopping at filesystem boundary (GIT_DISCOVERY_ACROSS_FILESYSTEM not set).
2025-02-06 09:28:07.538 [info] > git rev-parse --show-toplevel [5ms]
2025-02-06 09:28:07.538 [info] fatal: not a git repository (or any parent up to mount point /)
Stopping at filesystem boundary (GIT_DISCOVERY_ACROSS_FILESYSTEM not set).
2025-02-06 09:28:07.540 [info] > git rev-parse --show-toplevel [2ms]
2025-02-06 09:28:07.540 [info] fatal: not a git repository (or any parent up to mount point /)
Stopping at filesystem boundary (GIT_DISCOVERY_ACROSS_FILESYSTEM not set).
2025-02-06 09:28:07.544 [info] [Model][doInitialScan] Initial repository scan completed - repositories (0), closed repositories (0), parent repositories (0), unsafe repositories (0)
2025-02-06 09:28:07.941 [info] > git rev-parse --show-toplevel [8ms]
2025-02-06 09:28:07.941 [info] fatal: not a git repository (or any parent up to mount point /)
Stopping at filesystem boundary (GIT_DISCOVERY_ACROSS_FILESYSTEM not set).
2025-02-06 09:39:57.536 [info] > git rev-parse --show-toplevel [6ms]
2025-02-06 09:39:57.536 [info] fatal: not a git repository (or any parent up to mount point /)
Stopping at filesystem boundary (GIT_DISCOVERY_ACROSS_FILESYSTEM not set).
2025-02-06 09:39:58.358 [info] > git rev-parse --show-toplevel [3ms]
2025-02-06 09:39:58.358 [info] fatal: not a git repository (or any parent up to mount point /)
Stopping at filesystem boundary (GIT_DISCOVERY_ACROSS_FILESYSTEM not set).
2025-02-06 09:40:55.293 [info] > git rev-parse --show-toplevel [4ms]
2025-02-06 09:40:55.293 [info] fatal: not a git repository (or any parent up to mount point /)
Stopping at filesystem boundary (GIT_DISCOVERY_ACROSS_FILESYSTEM not set).
2025-02-06 09:41:30.501 [info] > git rev-parse --show-toplevel [9ms]
2025-02-06 09:41:30.501 [info] fatal: not a git repository (or any parent up to mount point /)
Stopping at filesystem boundary (GIT_DISCOVERY_ACROSS_FILESYSTEM not set).
